<?xml version="1.0" encoding="UTF-8"?>
<!-- Generated by org.testng.reporters.JUnitXMLReporter -->
<testsuite ignored="0" hostname="suharika" failures="1" tests="4" name="1" time="12.199" errors="0" timestamp="2024-01-04T08:50:29 IST">
  <testcase classname="selenium6.NewTestwithfailandskipped" name="f1" time="0.04">
    <failure type="java.lang.AssertionError" message="expected [false] but found [true]">
      <![CDATA[java.lang.AssertionError: expected [false] but found [true]
at selenium6.NewTestwithfailandskipped.f1(NewTestwithfailandskipped.java:22)
at java.base/java.util.ArrayList.forEach(ArrayList.java:1511)
... Removed 34 stack frames]]>
    </failure>
  </testcase> <!-- f1 -->
  <testcase classname="selenium6.NewTestwithfailandskipped" name="f" time="0.003"/>
  <testcase classname="selenium6.NewTestwithfailandskipped" name="f2" time="0.0">
    <skipped/>
  </testcase> <!-- f2 -->
  <testcase classname="selenium6.jsclick" name="f" time="5.643"/>
</testsuite> <!-- 1 -->
